

Thu Nov 16 00:38:24 WAT 2023
Entered URL
++++++++++++++++++++++++++++++++++++++++++++++++++
https://github.com/ShegzBit/AirBnB_clone/tree/main/models/engine
++++++++++++++++++++++++++++++++++++++++++++++++++
================================================
Cloning https://github.com/ShegzBit/AirBnB_clone/tree/main/models/engine...
Filename from repo engine
engine
Local filename engine
models/engine
================================================================
|  Sorry, This program does not support raw files or executable|
================================================================
If you wish to add this functionality or contribute in anyway,
head to the repo and get my contact info from the readme :) 


Thu Nov 16 00:39:58 WAT 2023
Entered URL
++++++++++++++++++++++++++++++++++++++++++++++++++
https://github.com/ShegzBit/AirBnB_clone/tree/main/models/engine
++++++++++++++++++++++++++++++++++++++++++++++++++
================================================
Cloning https://github.com/ShegzBit/AirBnB_clone/tree/main/models/engine...
Filename from repo engine
engine
Local filename engine
models/engine


Thu Nov 16 00:42:26 WAT 2023
Entered URL
++++++++++++++++++++++++++++++++++++++++++++++++++
https://github.com/ShegzBit/AirBnB_clone/tree/main/models/engine
++++++++++++++++++++++++++++++++++++++++++++++++++
================================================
Cloning https://github.com/ShegzBit/AirBnB_clone/tree/main/models/engine...
Filename from repo engine
engine
Local filename engine
models/engine


Thu Nov 16 00:43:51 WAT 2023
Entered URL
++++++++++++++++++++++++++++++++++++++++++++++++++
https://github.com/ShegzBit/AirBnB_clone/tree/main/models/engine
++++++++++++++++++++++++++++++++++++++++++++++++++
================================================
Cloning https://github.com/ShegzBit/AirBnB_clone/tree/main/models/engine...
Filename from repo engine
engine
Local filename engine
models/engine
I got here


Thu Nov 16 00:57:10 WAT 2023
Entered URL
++++++++++++++++++++++++++++++++++++++++++++++++++
https://github.com/ShegzBit/AirBnB_clone/tree/main/models/engine
++++++++++++++++++++++++++++++++++++++++++++++++++
================================================
Cloning https://github.com/ShegzBit/AirBnB_clone/tree/main/models/engine...
Filename from repo engine
engine
Local filename engine
Traceback (most recent call last):
  File "/usr/local/lib/python3.10/dist-packages/urllib3/connection.py", line 200, in _new_conn
    sock = connection.create_connection(
  File "/usr/local/lib/python3.10/dist-packages/urllib3/util/connection.py", line 60, in create_connection
    for res in socket.getaddrinfo(host, port, family, socket.SOCK_STREAM):
  File "/usr/lib/python3.10/socket.py", line 955, in getaddrinfo
    for res in _socket.getaddrinfo(host, port, family, type, proto, flags):
socket.gaierror: [Errno -5] No address associated with hostname

The above exception was the direct cause of the following exception:

Traceback (most recent call last):
  File "/usr/local/lib/python3.10/dist-packages/urllib3/connectionpool.py", line 790, in urlopen
    response = self._make_request(
  File "/usr/local/lib/python3.10/dist-packages/urllib3/connectionpool.py", line 491, in _make_request
    raise new_e
  File "/usr/local/lib/python3.10/dist-packages/urllib3/connectionpool.py", line 467, in _make_request
    self._validate_conn(conn)
  File "/usr/local/lib/python3.10/dist-packages/urllib3/connectionpool.py", line 1092, in _validate_conn
    conn.connect()
  File "/usr/local/lib/python3.10/dist-packages/urllib3/connection.py", line 604, in connect
    self.sock = sock = self._new_conn()
  File "/usr/local/lib/python3.10/dist-packages/urllib3/connection.py", line 207, in _new_conn
    raise NameResolutionError(self.host, self, e) from e
urllib3.exceptions.NameResolutionError: <urllib3.connection.HTTPSConnection object at 0x7f0be108f2b0>: Failed to resolve 'github.com' ([Errno -5] No address associated with hostname)

The above exception was the direct cause of the following exception:

Traceback (most recent call last):
  File "/usr/local/lib/python3.10/dist-packages/requests/adapters.py", line 486, in send
    resp = conn.urlopen(
  File "/usr/local/lib/python3.10/dist-packages/urllib3/connectionpool.py", line 844, in urlopen
    retries = retries.increment(
  File "/usr/local/lib/python3.10/dist-packages/urllib3/util/retry.py", line 515, in increment
    raise MaxRetryError(_pool, url, reason) from reason  # type: ignore[arg-type]
urllib3.exceptions.MaxRetryError: HTTPSConnectionPool(host='github.com', port=443): Max retries exceeded with url: /ShegzBit/AirBnB_clone/tree/main/models/engine (Caused by NameResolutionError("<urllib3.connection.HTTPSConnection object at 0x7f0be108f2b0>: Failed to resolve 'github.com' ([Errno -5] No address associated with hostname)"))

During handling of the above exception, another exception occurred:

Traceback (most recent call last):
  File "/home/shegz/.git_file/.py_get", line 141, in <module>
    get_args(path)
  File "/home/shegz/.git_file/.py_get", line 136, in get_args
    git_file(path, isTrunc, filename)
  File "/home/shegz/.git_file/.py_get", line 88, in git_file
    file_lines = curl(path)
  File "/home/shegz/.git_file/.py_get", line 65, in curl
    my_response = is_github_file(path)
  File "/home/shegz/.git_file/.py_get", line 37, in is_github_file
    url_validate(path)
  File "/home/shegz/.git_file/.py_get", line 18, in url_validate
    my_response = requests.get(path)
  File "/usr/local/lib/python3.10/dist-packages/requests/api.py", line 73, in get
    return request("get", url, params=params, **kwargs)
  File "/usr/local/lib/python3.10/dist-packages/requests/api.py", line 59, in request
    return session.request(method=method, url=url, **kwargs)
  File "/usr/local/lib/python3.10/dist-packages/requests/sessions.py", line 589, in request
    resp = self.send(prep, **send_kwargs)
  File "/usr/local/lib/python3.10/dist-packages/requests/sessions.py", line 703, in send
    r = adapter.send(request, **kwargs)
  File "/usr/local/lib/python3.10/dist-packages/requests/adapters.py", line 519, in send
    raise ConnectionError(e, request=request)
requests.exceptions.ConnectionError: HTTPSConnectionPool(host='github.com', port=443): Max retries exceeded with url: /ShegzBit/AirBnB_clone/tree/main/models/engine (Caused by NameResolutionError("<urllib3.connection.HTTPSConnection object at 0x7f0be108f2b0>: Failed to resolve 'github.com' ([Errno -5] No address associated with hostname)"))


Thu Nov 16 00:57:19 WAT 2023
Entered URL
++++++++++++++++++++++++++++++++++++++++++++++++++
https://github.com/ShegzBit/AirBnB_clone/tree/main/models/engine
++++++++++++++++++++++++++++++++++++++++++++++++++
================================================
Cloning https://github.com/ShegzBit/AirBnB_clone/tree/main/models/engine...
Filename from repo engine
engine
Local filename engine
================================================




Thu Nov 16 00:59:21 WAT 2023
Entered URL
++++++++++++++++++++++++++++++++++++++++++++++++++
https://github.com/ShegzBit/AirBnB_clone/tree/main/models/engine/file_storage.py
++++++++++++++++++++++++++++++++++++++++++++++++++
================================================
Cloning https://github.com/ShegzBit/AirBnB_clone/tree/main/models/engine/file_storage.py...
Filename from repo file_storage.py
file_storage.py
Local filename file_storage.py
================================================




Thu Nov 16 14:34:26 WAT 2023
Entered URL
++++++++++++++++++++++++++++++++++++++++++++++++++
https://github.com/ShegzBit/AirBnB_clone/blob/main/models/amenity.py
++++++++++++++++++++++++++++++++++++++++++++++++++
================================================
================================================




Thu Nov 16 14:34:43 WAT 2023
Entered URL
++++++++++++++++++++++++++++++++++++++++++++++++++
https://github.com/ShegzBit/AirBnB_clone/blob/main/models/amenity.py
++++++++++++++++++++++++++++++++++++++++++++++++++
================================================
================================================




Thu Nov 16 14:37:36 WAT 2023
Entered URL
++++++++++++++++++++++++++++++++++++++++++++++++++
https://github.com/ShegzBit/AirBnB_clone/blob/main/models/amenity.py
++++++++++++++++++++++++++++++++++++++++++++++++++
================================================
================================================




Thu Nov 16 14:38:41 WAT 2023
Entered URL
++++++++++++++++++++++++++++++++++++++++++++++++++
https://github.com/ShegzBit/AirBnB_clone/blob/main/models/amenity.py
++++++++++++++++++++++++++++++++++++++++++++++++++
================================================
================================================




Thu Nov 16 14:39:33 WAT 2023
Entered URL
++++++++++++++++++++++++++++++++++++++++++++++++++
https://github.com/ShegzBit/AirBnB_clone/blob/main/models/amenity.py
++++++++++++++++++++++++++++++++++++++++++++++++++
================================================
================================================




Thu Nov 16 14:41:53 WAT 2023
Entered URL
++++++++++++++++++++++++++++++++++++++++++++++++++
https://github.com/ShegzBit/AirBnB_clone/blob/main/models/amenity.py
++++++++++++++++++++++++++++++++++++++++++++++++++
================================================
================================================




Thu Nov 16 14:44:09 WAT 2023
Entered URL
++++++++++++++++++++++++++++++++++++++++++++++++++
https://github.com/ShegzBit/AirBnB_clone/blob/main/models/amenity.py
++++++++++++++++++++++++++++++++++++++++++++++++++
================================================
================================================




Thu Nov 16 14:49:06 WAT 2023
Entered URL
++++++++++++++++++++++++++++++++++++++++++++++++++
https://github.com/ShegzBit/AirBnB_clone/blob/main/models/amenity.py
++++++++++++++++++++++++++++++++++++++++++++++++++
================================================
https://github.com/ShegzBit/AirBnB_clone/blob/main/models/amenity.py...
Filename from repo amenity.py
amenity.py
Local filename amenity.py
================================================




Thu Nov 16 14:49:35 WAT 2023
Entered URL
++++++++++++++++++++++++++++++++++++++++++++++++++
https://github.com/ShegzBit/AirBnB_clone/blob/main/models/amenity.py
++++++++++++++++++++++++++++++++++++++++++++++++++
================================================
https://github.com/ShegzBit/AirBnB_clone/blob/main/models/amenity.py...
Filename from repo amenity.py
amenity.py
Local filename amenity.py
================================================




Thu Nov 16 14:49:44 WAT 2023
Entered URL
++++++++++++++++++++++++++++++++++++++++++++++++++
https://github.com/ShegzBit/AirBnB_clone/blob/main/models/amenity.py
++++++++++++++++++++++++++++++++++++++++++++++++++
================================================
https://github.com/ShegzBit/AirBnB_clone/blob/main/models/amenity.py...
Filename from repo amenity.py
amenity.py
Local filename amenity.py
File exists but truncate on file exist option -t was not specified


Thu Nov 16 14:50:05 WAT 2023
Entered URL
++++++++++++++++++++++++++++++++++++++++++++++++++
https://github.com/ShegzBit/AirBnB_clone/blob/main/models/amenity.py
++++++++++++++++++++++++++++++++++++++++++++++++++
================================================
================================================




Thu Nov 16 14:50:16 WAT 2023
Entered URL
++++++++++++++++++++++++++++++++++++++++++++++++++
https://github.com/ShegzBit/AirBnB_clone/blob/main/models/amenity.py
++++++++++++++++++++++++++++++++++++++++++++++++++
================================================
================================================




Thu Nov 16 14:50:40 WAT 2023
Entered URL
++++++++++++++++++++++++++++++++++++++++++++++++++
https://github.com/ShegzBit/AirBnB_clone/blob/main/models/amenity.py
++++++++++++++++++++++++++++++++++++++++++++++++++
================================================
https://github.com/ShegzBit/AirBnB_clone/blob/main/models/amenity.py...
Filename from repo amenity.py
amenity.py
Local filename amenity.py
================================================




Thu Nov 16 14:52:33 WAT 2023
Entered URL
++++++++++++++++++++++++++++++++++++++++++++++++++
https://github.com/ShegzBit/AirBnB_clone/blob/main/models/amenity.py
++++++++++++++++++++++++++++++++++++++++++++++++++
================================================
https://github.com/ShegzBit/AirBnB_clone/blob/main/models/amenity.py#
================================================




Thu Nov 16 14:54:09 WAT 2023
Entered URL
++++++++++++++++++++++++++++++++++++++++++++++++++
https://github.com/ShegzBit/AirBnB_clone/blob/main/models/amenity.py
++++++++++++++++++++++++++++++++++++++++++++++++++
================================================
================================================




Thu Nov 16 14:54:16 WAT 2023
Entered URL
++++++++++++++++++++++++++++++++++++++++++++++++++
https://github.com/ShegzBit/AirBnB_clone/blob/main/models/amenity.py
++++++++++++++++++++++++++++++++++++++++++++++++++
================================================
================================================




Thu Nov 16 14:54:25 WAT 2023
Entered URL
++++++++++++++++++++++++++++++++++++++++++++++++++
https://github.com/ShegzBit/AirBnB_clone/blob/main/models/amenity.py
++++++++++++++++++++++++++++++++++++++++++++++++++
================================================
================================================




Thu Nov 16 14:55:28 WAT 2023
Entered URL
++++++++++++++++++++++++++++++++++++++++++++++++++
https://github.com/ShegzBit/AirBnB_clone/blob/main/models/amenity.py
++++++++++++++++++++++++++++++++++++++++++++++++++
================================================
================================================




Thu Nov 16 14:56:23 WAT 2023
Entered URL
++++++++++++++++++++++++++++++++++++++++++++++++++
https://github.com/ShegzBit/AirBnB_clone/blob/main/models/amenity.py
++++++++++++++++++++++++++++++++++++++++++++++++++
================================================
https://github.com/ShegzBit/AirBnB_clone/blob/main/models/amenity.py...
Filename from repo amenity.py
amenity.py
Local filename main
================================================




Thu Nov 16 15:16:43 WAT 2023
Entered URL
++++++++++++++++++++++++++++++++++++++++++++++++++
https://github.com/ShegzBit/AirBnB_clone/blob/main/models/amenity.py
++++++++++++++++++++++++++++++++++++++++++++++++++
================================================
https://github.com/ShegzBit/AirBnB_clone/blob/main/models/amenity.py...
Filename from repo amenity.py
amenity.py
Local filename main
https://github.com/ShegzBit/AirBnB_clone/blob/main/models/amenity.py...
Filename from repo amenity.py
amenity.py
Local filename name
https://github.com/ShegzBit/AirBnB_clone/blob/main/models/amenity.py...
Filename from repo amenity.py
amenity.py
Local filename amenity.py
================================================




Thu Nov 16 15:17:11 WAT 2023
Entered URL
++++++++++++++++++++++++++++++++++++++++++++++++++
https://github.com/ShegzBit/AirBnB_clone/blob/main/models/amenity.py
++++++++++++++++++++++++++++++++++++++++++++++++++
================================================
https://github.com/ShegzBit/AirBnB_clone/blob/main/models/amenity.py...
Filename from repo amenity.py
amenity.py
Local filename main
https://github.com/ShegzBit/AirBnB_clone/blob/main/models/amenity.py...
Filename from repo amenity.py
amenity.py
Local filename name
https://github.com/ShegzBit/AirBnB_clone/blob/main/models/amenity.py...
Filename from repo amenity.py
amenity.py
Local filename amenity.py
https://github.com/ShegzBit/AirBnB_clone/blob/main/models/engine...
Filename from repo engine
engine
Local filename engine
['https://github.com/ShegzBit/AirBnB_clone/blob/main/models/engine/__pycache__']
Failed to switch to engine
Again
Filename from repo __pycache__
__pycache__
Local filename engine/__pycache__
[]
Filename from repo __init__.cpython-310.pyc
__init__.cpython-310.pyc
Local filename __pycache__/__init__.cpython-310.pyc
================================================================
|  Sorry, This program does not support raw files or executable|
================================================================
If you wish to add this functionality or contribute in anyway,
head to the repo and get my contact info from the readme :) 
Filename from repo file_storage.cpython-310.pyc
file_storage.cpython-310.pyc
Local filename __pycache__/file_storage.cpython-310.pyc
================================================================
|  Sorry, This program does not support raw files or executable|
================================================================
If you wish to add this functionality or contribute in anyway,
head to the repo and get my contact info from the readme :) 
Filename from repo __init__.py
__init__.py
Local filename engine/__init__.py
Filename from repo file_storage.py
file_storage.py
Local filename engine/file_storage.py
================================================




Thu Nov 16 15:17:51 WAT 2023
Entered URL
++++++++++++++++++++++++++++++++++++++++++++++++++
https://github.com/ShegzBit/AirBnB_clone/blob/main/models
++++++++++++++++++++++++++++++++++++++++++++++++++
================================================
https://github.com/ShegzBit/AirBnB_clone/blob/main/models...
Filename from repo models
models
Local filename models
['https://github.com/ShegzBit/AirBnB_clone/blob/main/models/__pycache__', 'https://github.com/ShegzBit/AirBnB_clone/blob/main/models/engine']
Failed to switch to models
Again
Filename from repo __pycache__
__pycache__
Local filename models/__pycache__
[]
Filename from repo __init__.cpython-311.pyc
__init__.cpython-311.pyc
Local filename __pycache__/__init__.cpython-311.pyc
================================================================
|  Sorry, This program does not support raw files or executable|
================================================================
If you wish to add this functionality or contribute in anyway,
head to the repo and get my contact info from the readme :) 
Filename from repo base_model.cpython-311.pyc
base_model.cpython-311.pyc
Local filename __pycache__/base_model.cpython-311.pyc
================================================================
|  Sorry, This program does not support raw files or executable|
================================================================
If you wish to add this functionality or contribute in anyway,
head to the repo and get my contact info from the readme :) 
Filename from repo user.cpython-310.pyc
user.cpython-310.pyc
Local filename __pycache__/user.cpython-310.pyc
================================================================
|  Sorry, This program does not support raw files or executable|
================================================================
If you wish to add this functionality or contribute in anyway,
head to the repo and get my contact info from the readme :) 
Again
Filename from repo engine
engine
Local filename models/engine
['https://github.com/ShegzBit/AirBnB_clone/blob/main/models/engine/__pycache__']
Failed to switch to engine
Again
Filename from repo __pycache__
__pycache__
Local filename engine/__pycache__
[]
Filename from repo __init__.cpython-310.pyc
__init__.cpython-310.pyc
Local filename __pycache__/__init__.cpython-310.pyc
================================================================
|  Sorry, This program does not support raw files or executable|
================================================================
If you wish to add this functionality or contribute in anyway,
head to the repo and get my contact info from the readme :) 
Filename from repo file_storage.cpython-310.pyc
file_storage.cpython-310.pyc
Local filename __pycache__/file_storage.cpython-310.pyc
================================================================
|  Sorry, This program does not support raw files or executable|
================================================================
If you wish to add this functionality or contribute in anyway,
head to the repo and get my contact info from the readme :) 
Filename from repo __init__.py
__init__.py
Local filename engine/__init__.py
Filename from repo file_storage.py
file_storage.py
Local filename engine/file_storage.py
Filename from repo __init__.py
__init__.py
Local filename models/__init__.py
Filename from repo amenity.py
amenity.py
Local filename models/amenity.py
Filename from repo base_model.py
base_model.py
Local filename models/base_model.py
Filename from repo city.py
city.py
Local filename models/city.py
Filename from repo place.py
place.py
Local filename models/place.py
Filename from repo review.py
review.py
Local filename models/review.py
Filename from repo state.py
state.py
Local filename models/state.py
Filename from repo user.py
user.py
Local filename models/user.py
================================================




Thu Nov 16 15:26:52 WAT 2023
Entered URL
++++++++++++++++++++++++++++++++++++++++++++++++++
https://github.com/ShegzBit/AirBnB_clone/blob/main/models
++++++++++++++++++++++++++++++++++++++++++++++++++
================================================
https://github.com/ShegzBit/AirBnB_clone/blob/main/models...
Filename from repo models
models
Local filename models
['https://github.com/ShegzBit/AirBnB_clone/blob/main/models/__pycache__', 'https://github.com/ShegzBit/AirBnB_clone/blob/main/models/engine']
A file or Dir with the given name already exists but -r to rename dir was specified
Aborting...


Thu Nov 16 15:27:00 WAT 2023
Entered URL
++++++++++++++++++++++++++++++++++++++++++++++++++
https://github.com/ShegzBit/AirBnB_clone/blob/main/models
++++++++++++++++++++++++++++++++++++++++++++++++++
================================================
File Name missing
Usage: git_file -r <filename> <other arguments>


Thu Nov 16 15:27:22 WAT 2023
Entered URL
++++++++++++++++++++++++++++++++++++++++++++++++++
https://github.com/ShegzBit/AirBnB_clone/blob/main/models
++++++++++++++++++++++++++++++++++++++++++++++++++
================================================
https://github.com/ShegzBit/AirBnB_clone/blob/main/models...
Filename from repo models
models
Local filename models
['https://github.com/ShegzBit/AirBnB_clone/blob/main/models/__pycache__', 'https://github.com/ShegzBit/AirBnB_clone/blob/main/models/engine']
A file or Dir with the given name already exists but -r to rename dir was specified
Aborting...


Thu Nov 16 15:34:00 WAT 2023
Entered URL
++++++++++++++++++++++++++++++++++++++++++++++++++
https://github.com/ShegzBit/AirBnB_clone/blob/main/models
++++++++++++++++++++++++++++++++++++++++++++++++++
================================================
https://github.com/ShegzBit/AirBnB_clone/blob/main/models...
Filename from repo models
models
Local filename models
['https://github.com/ShegzBit/AirBnB_clone/blob/main/models/__pycache__', 'https://github.com/ShegzBit/AirBnB_clone/blob/main/models/engine']
A file or Dir with the given name already exists but -r to rename dir was specified
Aborting...


Thu Nov 16 15:34:49 WAT 2023
Entered URL
++++++++++++++++++++++++++++++++++++++++++++++++++
https://github.com/ShegzBit/AirBnB_clone/blob/main/models
++++++++++++++++++++++++++++++++++++++++++++++++++
================================================
https://github.com/ShegzBit/AirBnB_clone/blob/main/models...
Filename from repo models
models
Local filename models
['https://github.com/ShegzBit/AirBnB_clone/blob/main/models/__pycache__', 'https://github.com/ShegzBit/AirBnB_clone/blob/main/models/engine']
Failed to switch to models
Again
Filename from repo __pycache__
__pycache__
Local filename models/__pycache__
[]
Filename from repo __init__.cpython-311.pyc
__init__.cpython-311.pyc
Local filename __pycache__/__init__.cpython-311.pyc
================================================================
|  Sorry, This program does not support raw files or executable|
================================================================
If you wish to add this functionality or contribute in anyway,
head to the repo and get my contact info from the readme :) 
Filename from repo base_model.cpython-311.pyc
base_model.cpython-311.pyc
Local filename __pycache__/base_model.cpython-311.pyc
================================================================
|  Sorry, This program does not support raw files or executable|
================================================================
If you wish to add this functionality or contribute in anyway,
head to the repo and get my contact info from the readme :) 
Filename from repo user.cpython-310.pyc
user.cpython-310.pyc
Local filename __pycache__/user.cpython-310.pyc
================================================================
|  Sorry, This program does not support raw files or executable|
================================================================
If you wish to add this functionality or contribute in anyway,
head to the repo and get my contact info from the readme :) 
Again
Filename from repo engine
engine
Local filename models/engine
['https://github.com/ShegzBit/AirBnB_clone/blob/main/models/engine/__pycache__']
Failed to switch to engine
Again
Filename from repo __pycache__
__pycache__
Local filename engine/__pycache__
[]
Filename from repo __init__.cpython-310.pyc
__init__.cpython-310.pyc
Local filename __pycache__/__init__.cpython-310.pyc
================================================================
|  Sorry, This program does not support raw files or executable|
================================================================
If you wish to add this functionality or contribute in anyway,
head to the repo and get my contact info from the readme :) 
Filename from repo file_storage.cpython-310.pyc
file_storage.cpython-310.pyc
Local filename __pycache__/file_storage.cpython-310.pyc
================================================================
|  Sorry, This program does not support raw files or executable|
================================================================
If you wish to add this functionality or contribute in anyway,
head to the repo and get my contact info from the readme :) 
Filename from repo __init__.py
__init__.py
Local filename engine/__init__.py
Filename from repo file_storage.py
file_storage.py
Local filename engine/file_storage.py
Filename from repo __init__.py
__init__.py
Local filename models/__init__.py
Filename from repo amenity.py
amenity.py
Local filename models/amenity.py
Filename from repo base_model.py
base_model.py
Local filename models/base_model.py
Filename from repo city.py
city.py
Local filename models/city.py
Filename from repo place.py
place.py
Local filename models/place.py
Filename from repo review.py
review.py
Local filename models/review.py
Filename from repo state.py
state.py
Local filename models/state.py
Filename from repo user.py
user.py
Local filename models/user.py
================================================




Wed Nov 29 08:30:33 WAT 2023
Entered URL
++++++++++++++++++++++++++++++++++++++++++++++++++
https://github.com/ShegzBit/AirBnB_clone/tree/main/_tests
++++++++++++++++++++++++++++++++++++++++++++++++++
================================================
https://github.com/ShegzBit/AirBnB_clone/tree/main/_tests...
Filename from repo _tests
_tests
Local filename _tests
[]
Filename from repo test_base_model.py
test_base_model.py
Local filename _tests/test_base_model.py
Filename from repo test_base_model_dict.py
test_base_model_dict.py
Local filename _tests/test_base_model_dict.py
================================================




Wed Nov 29 08:31:40 WAT 2023
Entered URL
++++++++++++++++++++++++++++++++++++++++++++++++++
https://github.com/ShegzBit/AirBnB_clone/tree/main/tests
++++++++++++++++++++++++++++++++++++++++++++++++++
================================================
https://github.com/ShegzBit/AirBnB_clone/tree/main/tests...
Filename from repo tests
tests
Local filename tests
['https://github.com/ShegzBit/AirBnB_clone/tree/main/tests/__pycache__', 'https://github.com/ShegzBit/AirBnB_clone/tree/main/tests/test_models']
Failed to switch to tests
Again
Filename from repo __pycache__
__pycache__
Local filename tests/__pycache__
[]
Filename from repo __init__.cpython-310.pyc
__init__.cpython-310.pyc
Local filename __pycache__/__init__.cpython-310.pyc
================================================================
|  Sorry, This program does not support raw files or executable|
================================================================
If you wish to add this functionality or contribute in anyway,
head to the repo and get my contact info from the readme :) 
Again
Filename from repo test_models
test_models
Local filename tests/test_models
['https://github.com/ShegzBit/AirBnB_clone/tree/main/tests/test_models/__pycache__', 'https://github.com/ShegzBit/AirBnB_clone/tree/main/tests/test_models/test_engine']
Failed to switch to test_models
Again
Filename from repo __pycache__
__pycache__
Local filename test_models/__pycache__
[]
Filename from repo test_base_model.cpython-310.pyc
test_base_model.cpython-310.pyc
Local filename __pycache__/test_base_model.cpython-310.pyc
================================================================
|  Sorry, This program does not support raw files or executable|
================================================================
If you wish to add this functionality or contribute in anyway,
head to the repo and get my contact info from the readme :) 
Again
Filename from repo test_engine
test_engine
Local filename test_models/test_engine
[]
Filename from repo __init__.py
__init__.py
Local filename test_engine/__init__.py
Filename from repo test_file_storage.py
test_file_storage.py
Local filename test_engine/test_file_storage.py
Filename from repo __init__.py
__init__.py
Local filename test_models/__init__.py
Filename from repo test_amenity.py
test_amenity.py
Local filename test_models/test_amenity.py
Filename from repo test_base_model.py
test_base_model.py
Local filename test_models/test_base_model.py
Filename from repo test_city.py
test_city.py
Local filename test_models/test_city.py
Filename from repo test_place.py
test_place.py
Local filename test_models/test_place.py
Filename from repo test_review.py
test_review.py
Local filename test_models/test_review.py
Filename from repo test_state.py
test_state.py
Local filename test_models/test_state.py
Filename from repo test_user.py
test_user.py
Local filename test_models/test_user.py
Filename from repo __init__.py
__init__.py
Local filename tests/__init__.py
Filename from repo test_console.py
test_console.py
Local filename tests/test_console.py
================================================


